<?xml version="1.0" encoding="UTF-8"?>
<robot generator="Robot 7.2 (Python 3.13.1 on win32)" generated="2025-02-02T17:15:16.722326" rpa="false" schemaversion="5">
<suite id="s1" name="Teste" source="C:\Users\Sarah\Documents\robot-oficial\teste.robot">
<test id="s1-t1" name="Cenário 1: Acessando o site do Robot" line="30">
<kw name="Abrir Site">
<kw name="Open Browser" owner="SeleniumLibrary">
<msg time="2025-02-02T17:15:17.027191" level="INFO">Opening browser 'chrome' to base url 'https://automationpratice.com.br/'.</msg>
<arg>https://automationpratice.com.br/</arg>
<arg>chrome</arg>
<doc>Opens a new browser instance to the optional ``url``.</doc>
<status status="PASS" start="2025-02-02T17:15:17.026916" elapsed="1.648109"/>
</kw>
<status status="PASS" start="2025-02-02T17:15:17.025980" elapsed="1.649507"/>
</kw>
<kw name="Aguardar site carregar">
<kw name="Sleep" owner="BuiltIn">
<msg time="2025-02-02T17:15:23.680645" level="INFO">Slept 5 seconds.</msg>
<arg>5s</arg>
<doc>Pauses the test executed for the given time.</doc>
<status status="PASS" start="2025-02-02T17:15:18.678059" elapsed="5.003074"/>
</kw>
<status status="PASS" start="2025-02-02T17:15:18.677092" elapsed="5.004460"/>
</kw>
<kw name="Clicar sobre o botao login">
<kw name="Click Element" owner="SeleniumLibrary">
<msg time="2025-02-02T17:15:23.686033" level="INFO">Clicking element 'xpath://a[@href='/login']'.</msg>
<arg>xpath://a[@href='/login']</arg>
<doc>Click the element identified by ``locator``.</doc>
<status status="PASS" start="2025-02-02T17:15:23.684961" elapsed="0.299098"/>
</kw>
<status status="PASS" start="2025-02-02T17:15:23.682996" elapsed="0.301532"/>
</kw>
<kw name="Aguardar site carregar">
<kw name="Sleep" owner="BuiltIn">
<msg time="2025-02-02T17:15:28.987161" level="INFO">Slept 5 seconds.</msg>
<arg>5s</arg>
<doc>Pauses the test executed for the given time.</doc>
<status status="PASS" start="2025-02-02T17:15:23.985800" elapsed="5.001674"/>
</kw>
<status status="PASS" start="2025-02-02T17:15:23.985218" elapsed="5.002606"/>
</kw>
<kw name="Digitar email">
<kw name="Input Text" owner="SeleniumLibrary">
<msg time="2025-02-02T17:15:28.990243" level="INFO">Typing text 'qazando@teste.com' into text field 'id:user'.</msg>
<arg>id:user</arg>
<arg>qazando@teste.com</arg>
<doc>Types the given ``text`` into the text field identified by ``locator``.</doc>
<status status="PASS" start="2025-02-02T17:15:28.989652" elapsed="0.221971"/>
</kw>
<status status="PASS" start="2025-02-02T17:15:28.988763" elapsed="0.223049"/>
</kw>
<kw name="Digitar senha">
<kw name="Input Text" owner="SeleniumLibrary">
<msg time="2025-02-02T17:15:29.213204" level="INFO">Typing text '123456' into text field 'id:password'.</msg>
<arg>id:password</arg>
<arg>123456</arg>
<doc>Types the given ``text`` into the text field identified by ``locator``.</doc>
<status status="PASS" start="2025-02-02T17:15:29.212982" elapsed="0.111333"/>
</kw>
<status status="PASS" start="2025-02-02T17:15:29.212629" elapsed="0.111816"/>
</kw>
<kw name="Aguardar site carregar">
<kw name="Sleep" owner="BuiltIn">
<msg time="2025-02-02T17:15:34.325560" level="INFO">Slept 5 seconds.</msg>
<arg>5s</arg>
<doc>Pauses the test executed for the given time.</doc>
<status status="PASS" start="2025-02-02T17:15:29.325105" elapsed="5.000848"/>
</kw>
<status status="PASS" start="2025-02-02T17:15:29.324824" elapsed="5.001717"/>
</kw>
<kw name="Clicar em logar">
<kw name="Click Element" owner="SeleniumLibrary">
<msg time="2025-02-02T17:15:34.330122" level="INFO">Clicking element 'id:btnLogin'.</msg>
<arg>id:btnLogin</arg>
<doc>Click the element identified by ``locator``.</doc>
<status status="PASS" start="2025-02-02T17:15:34.329499" elapsed="0.293504"/>
</kw>
<status status="PASS" start="2025-02-02T17:15:34.328343" elapsed="0.295046"/>
</kw>
<kw name="Aguardar site carregar">
<kw name="Sleep" owner="BuiltIn">
<msg time="2025-02-02T17:15:39.629752" level="INFO">Slept 5 seconds.</msg>
<arg>5s</arg>
<doc>Pauses the test executed for the given time.</doc>
<status status="PASS" start="2025-02-02T17:15:34.629087" elapsed="5.000994"/>
</kw>
<status status="PASS" start="2025-02-02T17:15:34.628440" elapsed="5.001986"/>
</kw>
<status status="PASS" start="2025-02-02T17:15:17.025005" elapsed="22.607602"/>
</test>
<status status="PASS" start="2025-02-02T17:15:16.724184" elapsed="22.912254"/>
</suite>
<statistics>
<total>
<stat pass="1" fail="0" skip="0">All Tests</stat>
</total>
<tag>
</tag>
<suite>
<stat name="Teste" id="s1" pass="1" fail="0" skip="0">Teste</stat>
</suite>
</statistics>
<errors>
</errors>
</robot>
